<testsuites id="" name="" tests="3" failures="0" skipped="0" errors="0" time="1.615415">
<testsuite name="app.spec.ts" timestamp="2025-11-26T18:18:19.233Z" hostname="chromium" tests="1" failures="0" skipped="0" time="0.611" errors="0">
<testcase name="should load the application and display &quot;NetTraffic Parser&quot;" classname="app.spec.ts" time="0.611">
</testcase>
</testsuite>
<testsuite name="app.spec.ts" timestamp="2025-11-26T18:18:19.233Z" hostname="firefox" tests="1" failures="0" skipped="0" time="0.671" errors="0">
<testcase name="should load the application and display &quot;NetTraffic Parser&quot;" classname="app.spec.ts" time="0.671">
</testcase>
</testsuite>
<testsuite name="app.spec.ts" timestamp="2025-11-26T18:18:19.233Z" hostname="webkit" tests="1" failures="0" skipped="0" time="0.586" errors="0">
<testcase name="should load the application and display &quot;NetTraffic Parser&quot;" classname="app.spec.ts" time="0.586">
</testcase>
</testsuite>
</testsuites>