<testsuites id="" name="" tests="6" failures="3" skipped="3" errors="0" time="16.562356">
<testsuite name="example.spec.ts" timestamp="2025-11-18T03:51:21.913Z" hostname="chromium" tests="2" failures="1" skipped="1" time="15.451" errors="0">
<testcase name="Example Test Suite › should load homepage" classname="example.spec.ts" time="15.451">
<failure message="example.spec.ts:4:3 should load homepage" type="FAILURE">
<![CDATA[  [chromium] › example.spec.ts:4:3 › Example Test Suite › should load homepage ─────────────────────

    Error: expect(page).toHaveTitle(expected) failed

    Expected pattern: /Vite \+ React \+ TS/i
    Received string:  "Network Traffic Parser"
    Timeout: 15000ms

    Call log:
      - Expect "toHaveTitle" with timeout 15000ms
        19 × unexpected value "Network Traffic Parser"


      4 |   test('should load homepage', async ({ page }) => {
      5 |     await page.goto('/');
    > 6 |     await expect(page).toHaveTitle(/Vite \+ React \+ TS/i);
        |                        ^
      7 |   });
      8 |
      9 |   test.skip('should create user and login', async ({ page, userFactory }) => {
        at /Users/delphijc/Projects/net-pack-parser/tests/e2e/example.spec.ts:6:24

    attachment #1: screenshot (image/png) ──────────────────────────────────────────────────────────
    ../../test-results/example-Example-Test-Suite-should-load-homepage-chromium/test-failed-1.png
    ────────────────────────────────────────────────────────────────────────────────────────────────

    attachment #2: video (video/webm) ──────────────────────────────────────────────────────────────
    ../../test-results/example-Example-Test-Suite-should-load-homepage-chromium/video.webm
    ────────────────────────────────────────────────────────────────────────────────────────────────

    attachment #3: trace (application/zip) ─────────────────────────────────────────────────────────
    ../../test-results/example-Example-Test-Suite-should-load-homepage-chromium/trace.zip
    Usage:

        npx playwright show-trace ../../test-results/example-Example-Test-Suite-should-load-homepage-chromium/trace.zip

    ────────────────────────────────────────────────────────────────────────────────────────────────
]]>
</failure>
<system-out>
<![CDATA[
[[ATTACHMENT|example-Example-Test-Suite-should-load-homepage-chromium/test-failed-1.png]]

[[ATTACHMENT|example-Example-Test-Suite-should-load-homepage-chromium/video.webm]]

[[ATTACHMENT|example-Example-Test-Suite-should-load-homepage-chromium/trace.zip]]
]]>
</system-out>
</testcase>
<testcase name="Example Test Suite › should create user and login" classname="example.spec.ts" time="0">
<properties>
<property name="skip" value="">
</property>
</properties>
<skipped>
</skipped>
</testcase>
</testsuite>
<testsuite name="example.spec.ts" timestamp="2025-11-18T03:51:21.913Z" hostname="firefox" tests="2" failures="1" skipped="1" time="15.508" errors="0">
<testcase name="Example Test Suite › should load homepage" classname="example.spec.ts" time="15.508">
<failure message="example.spec.ts:4:3 should load homepage" type="FAILURE">
<![CDATA[  [firefox] › example.spec.ts:4:3 › Example Test Suite › should load homepage ──────────────────────

    Error: expect(page).toHaveTitle(expected) failed

    Expected pattern: /Vite \+ React \+ TS/i
    Received string:  "Network Traffic Parser"
    Timeout: 15000ms

    Call log:
      - Expect "toHaveTitle" with timeout 15000ms
        19 × unexpected value "Network Traffic Parser"


      4 |   test('should load homepage', async ({ page }) => {
      5 |     await page.goto('/');
    > 6 |     await expect(page).toHaveTitle(/Vite \+ React \+ TS/i);
        |                        ^
      7 |   });
      8 |
      9 |   test.skip('should create user and login', async ({ page, userFactory }) => {
        at /Users/delphijc/Projects/net-pack-parser/tests/e2e/example.spec.ts:6:24

    attachment #1: screenshot (image/png) ──────────────────────────────────────────────────────────
    ../../test-results/example-Example-Test-Suite-should-load-homepage-firefox/test-failed-1.png
    ────────────────────────────────────────────────────────────────────────────────────────────────

    attachment #2: video (video/webm) ──────────────────────────────────────────────────────────────
    ../../test-results/example-Example-Test-Suite-should-load-homepage-firefox/video.webm
    ────────────────────────────────────────────────────────────────────────────────────────────────

    attachment #3: trace (application/zip) ─────────────────────────────────────────────────────────
    ../../test-results/example-Example-Test-Suite-should-load-homepage-firefox/trace.zip
    Usage:

        npx playwright show-trace ../../test-results/example-Example-Test-Suite-should-load-homepage-firefox/trace.zip

    ────────────────────────────────────────────────────────────────────────────────────────────────
]]>
</failure>
<system-out>
<![CDATA[
[[ATTACHMENT|example-Example-Test-Suite-should-load-homepage-firefox/test-failed-1.png]]

[[ATTACHMENT|example-Example-Test-Suite-should-load-homepage-firefox/video.webm]]

[[ATTACHMENT|example-Example-Test-Suite-should-load-homepage-firefox/trace.zip]]
]]>
</system-out>
</testcase>
<testcase name="Example Test Suite › should create user and login" classname="example.spec.ts" time="0">
<properties>
<property name="skip" value="">
</property>
</properties>
<skipped>
</skipped>
</testcase>
</testsuite>
<testsuite name="example.spec.ts" timestamp="2025-11-18T03:51:21.913Z" hostname="webkit" tests="2" failures="1" skipped="1" time="15.237" errors="0">
<testcase name="Example Test Suite › should load homepage" classname="example.spec.ts" time="15.237">
<failure message="example.spec.ts:4:3 should load homepage" type="FAILURE">
<![CDATA[  [webkit] › example.spec.ts:4:3 › Example Test Suite › should load homepage ───────────────────────

    Error: expect(page).toHaveTitle(expected) failed

    Expected pattern: /Vite \+ React \+ TS/i
    Received string:  "Network Traffic Parser"
    Timeout: 15000ms

    Call log:
      - Expect "toHaveTitle" with timeout 15000ms
        19 × unexpected value "Network Traffic Parser"


      4 |   test('should load homepage', async ({ page }) => {
      5 |     await page.goto('/');
    > 6 |     await expect(page).toHaveTitle(/Vite \+ React \+ TS/i);
        |                        ^
      7 |   });
      8 |
      9 |   test.skip('should create user and login', async ({ page, userFactory }) => {
        at /Users/delphijc/Projects/net-pack-parser/tests/e2e/example.spec.ts:6:24

    attachment #1: screenshot (image/png) ──────────────────────────────────────────────────────────
    ../../test-results/example-Example-Test-Suite-should-load-homepage-webkit/test-failed-1.png
    ────────────────────────────────────────────────────────────────────────────────────────────────

    attachment #2: video (video/webm) ──────────────────────────────────────────────────────────────
    ../../test-results/example-Example-Test-Suite-should-load-homepage-webkit/video.webm
    ────────────────────────────────────────────────────────────────────────────────────────────────

    attachment #3: trace (application/zip) ─────────────────────────────────────────────────────────
    ../../test-results/example-Example-Test-Suite-should-load-homepage-webkit/trace.zip
    Usage:

        npx playwright show-trace ../../test-results/example-Example-Test-Suite-should-load-homepage-webkit/trace.zip

    ────────────────────────────────────────────────────────────────────────────────────────────────
]]>
</failure>
<system-out>
<![CDATA[
[[ATTACHMENT|example-Example-Test-Suite-should-load-homepage-webkit/test-failed-1.png]]

[[ATTACHMENT|example-Example-Test-Suite-should-load-homepage-webkit/video.webm]]

[[ATTACHMENT|example-Example-Test-Suite-should-load-homepage-webkit/trace.zip]]
]]>
</system-out>
</testcase>
<testcase name="Example Test Suite › should create user and login" classname="example.spec.ts" time="0">
<properties>
<property name="skip" value="">
</property>
</properties>
<skipped>
</skipped>
</testcase>
</testsuite>
</testsuites>